# JRE version: Java(TM) SE Runtime Environment (8.0_91-b14) (build 1.8.0_91-b14)
# Java VM: Java HotSpot(TM) 64-Bit Server VM (25.91-b14 mixed mode windows-amd64 compressed oops)
Heap:
 PSYoungGen      total 336896K, used 119306K [0x000000076be00000, 0x0000000794b80000, 0x00000007c0000000)
  eden space 291328K, 40% used [0x000000076be00000,0x0000000773282bc8,0x000000077da80000)
  from space 45568K, 0% used [0x000000078fb00000,0x000000078fb00000,0x0000000792780000)
  to   space 36864K, 0% used [0x0000000792780000,0x0000000792780000,0x0000000794b80000)
 ParOldGen       total 139264K, used 56085K [0x00000006c3a00000, 0x00000006cc200000, 0x000000076be00000)
  object space 139264K, 40% used [0x00000006c3a00000,0x00000006c70c5498,0x00000006cc200000)
 Metaspace       used 16796K, capacity 17050K, committed 17280K, reserved 1064960K
  class space    used 1839K, capacity 1904K, committed 1920K, reserved 1048576K
GC Heap History (10 events):
Event: 38.392 GC heap before
{Heap before GC invocations=36 (full 2):
 PSYoungGen      total 378368K, used 377239K [0x000000076be00000, 0x000000079ad00000, 0x00000007c0000000)
  eden space 343040K, 99% used [0x000000076be00000,0x0000000780c384d8,0x0000000780d00000)
  from space 35328K, 99% used [0x0000000795700000,0x000000079792d8f0,0x0000000797980000)
  to   space 52736K, 0% used [0x0000000797980000,0x0000000797980000,0x000000079ad00000)
 ParOldGen       total 140800K, used 67603K [0x00000006c3a00000, 0x00000006cc380000, 0x000000076be00000)
  object space 140800K, 48% used [0x00000006c3a00000,0x00000006c7c04c60,0x00000006cc380000)
 Metaspace       used 16781K, capacity 16986K, committed 17280K, reserved 1064960K
  class space    used 1836K, capacity 1904K, committed 1920K, reserved 1048576K
Event: 38.397 GC heap after
Heap after GC invocations=36 (full 2):
 PSYoungGen      total 378368K, used 48705K [0x000000076be00000, 0x000000079a980000, 0x00000007c0000000)
  eden space 329216K, 0% used [0x000000076be00000,0x000000076be00000,0x000000077ff80000)
  from space 49152K, 99% used [0x0000000797980000,0x000000079a9106d0,0x000000079a980000)
  to   space 61440K, 0% used [0x0000000793180000,0x0000000793180000,0x0000000796d80000)
 ParOldGen       total 140800K, used 68659K [0x00000006c3a00000, 0x00000006cc380000, 0x000000076be00000)
  object space 140800K, 48% used [0x00000006c3a00000,0x00000006c7d0cc70,0x00000006cc380000)
 Metaspace       used 16781K, capacity 16986K, committed 17280K, reserved 1064960K
  class space    used 1836K, capacity 1904K, committed 1920K, reserved 1048576K
}
Event: 39.701 GC heap before
{Heap before GC invocations=37 (full 2):
 PSYoungGen      total 378368K, used 375786K [0x000000076be00000, 0x000000079a980000, 0x00000007c0000000)
  eden space 329216K, 99% used [0x000000076be00000,0x000000077fd6a4e8,0x000000077ff80000)
  from space 49152K, 99% used [0x0000000797980000,0x000000079a9106d0,0x000000079a980000)
  to   space 61440K, 0% used [0x0000000793180000,0x0000000793180000,0x0000000796d80000)
 ParOldGen       total 140800K, used 68659K [0x00000006c3a00000, 0x00000006cc380000, 0x000000076be00000)
  object space 140800K, 48% used [0x00000006c3a00000,0x00000006c7d0cc70,0x00000006cc380000)
 Metaspace       used 16782K, capacity 16986K, committed 17280K, reserved 1064960K
  class space    used 1836K, capacity 1904K, committed 1920K, reserved 1048576K
Event: 39.707 GC heap after
Heap after GC invocations=37 (full 2):
 PSYoungGen      total 342016K, used 25999K [0x000000076be00000, 0x0000000797a00000, 0x00000007c0000000)
  eden space 315904K, 0% used [0x000000076be00000,0x000000076be00000,0x000000077f280000)
  from space 26112K, 99% used [0x0000000793180000,0x0000000794ae3f80,0x0000000794b00000)
  to   space 48128K, 0% used [0x0000000794b00000,0x0000000794b00000,0x0000000797a00000)
 ParOldGen       total 140800K, used 68675K [0x00000006c3a00000, 0x00000006cc380000, 0x000000076be00000)
  object space 140800K, 48% used [0x00000006c3a00000,0x00000006c7d10c70,0x00000006cc380000)
 Metaspace       used 16782K, capacity 16986K, committed 17280K, reserved 1064960K
  class space    used 1836K, capacity 1904K, committed 1920K, reserved 1048576K
}
Event: 40.286 GC heap before
{Heap before GC invocations=38 (full 2):
 PSYoungGen      total 342016K, used 338121K [0x000000076be00000, 0x0000000797a00000, 0x00000007c0000000)
  eden space 315904K, 98% used [0x000000076be00000,0x000000077eece620,0x000000077f280000)
  from space 26112K, 99% used [0x0000000793180000,0x0000000794ae3f80,0x0000000794b00000)
  to   space 48128K, 0% used [0x0000000794b00000,0x0000000794b00000,0x0000000797a00000)
 ParOldGen       total 140800K, used 73283K [0x00000006c3a00000, 0x00000006cc380000, 0x000000076be00000)
  object space 140800K, 52% used [0x00000006c3a00000,0x00000006c8190c80,0x00000006cc380000)
 Metaspace       used 16782K, capacity 16986K, committed 17280K, reserved 1064960K
  class space    used 1836K, capacity 1904K, committed 1920K, reserved 1048576K
Event: 40.290 GC heap after
Heap after GC invocations=38 (full 2):
 PSYoungGen      total 335872K, used 32629K [0x000000076be00000, 0x0000000796b00000, 0x00000007c0000000)
  eden space 303104K, 0% used [0x000000076be00000,0x000000076be00000,0x000000077e600000)
  from space 32768K, 99% used [0x0000000794b00000,0x0000000796add5d8,0x0000000796b00000)
  to   space 57344K, 0% used [0x000000078fb00000,0x000000078fb00000,0x0000000793300000)
 ParOldGen       total 140800K, used 73339K [0x00000006c3a00000, 0x00000006cc380000, 0x000000076be00000)
  object space 140800K, 52% used [0x00000006c3a00000,0x00000006c819ecb0,0x00000006cc380000)
 Metaspace       used 16782K, capacity 16986K, committed 17280K, reserved 1064960K
  class space    used 1836K, capacity 1904K, committed 1920K, reserved 1048576K
}
Event: 40.805 GC heap before
{Heap before GC invocations=39 (full 2):
 PSYoungGen      total 335872K, used 335733K [0x000000076be00000, 0x0000000796b00000, 0x00000007c0000000)
  eden space 303104K, 100% used [0x000000076be00000,0x000000077e600000,0x000000077e600000)
  from space 32768K, 99% used [0x0000000794b00000,0x0000000796add5d8,0x0000000796b00000)
  to   space 57344K, 0% used [0x000000078fb00000,0x000000078fb00000,0x0000000793300000)
 ParOldGen       total 140800K, used 99698K [0x00000006c3a00000, 0x00000006cc380000, 0x000000076be00000)
  object space 140800K, 70% used [0x00000006c3a00000,0x00000006c9b5ca70,0x00000006cc380000)
 Metaspace       used 16782K, capacity 16986K, committed 17280K, reserved 1064960K
  class space    used 1836K, capacity 1904K, committed 1920K, reserved 1048576K
Event: 40.811 GC heap after
Heap after GC invocations=39 (full 2):
 PSYoungGen      total 336896K, used 45458K [0x000000076be00000, 0x0000000794b80000, 0x00000007c0000000)
  eden space 291328K, 0% used [0x000000076be00000,0x000000076be00000,0x000000077da80000)
  from space 45568K, 99% used [0x000000078fb00000,0x0000000792764b68,0x0000000792780000)
  to   space 36864K, 0% used [0x0000000792780000,0x0000000792780000,0x0000000794b80000)
 ParOldGen       total 140800K, used 99722K [0x00000006c3a00000, 0x00000006cc380000, 0x000000076be00000)
  object space 140800K, 70% used [0x00000006c3a00000,0x00000006c9b62a70,0x00000006cc380000)
 Metaspace       used 16782K, capacity 16986K, committed 17280K, reserved 1064960K
  class space    used 1836K, capacity 1904K, committed 1920K, reserved 1048576K
}
Event: 41.913 GC heap before
{Heap before GC invocations=40 (full 3):
 PSYoungGen      total 336896K, used 336786K [0x000000076be00000, 0x0000000794b80000, 0x00000007c0000000)
  eden space 291328K, 100% used [0x000000076be00000,0x000000077da80000,0x000000077da80000)
  from space 45568K, 99% used [0x000000078fb00000,0x0000000792764b68,0x0000000792780000)
  to   space 36864K, 0% used [0x0000000792780000,0x0000000792780000,0x0000000794b80000)
 ParOldGen       total 150016K, used 149055K [0x00000006c3a00000, 0x00000006ccc80000, 0x000000076be00000)
  object space 150016K, 99% used [0x00000006c3a00000,0x00000006ccb8fdf8,0x00000006ccc80000)
 Metaspace       used 16782K, capacity 16986K, committed 17280K, reserved 1064960K
  class space    used 1836K, capacity 1904K, committed 1920K, reserved 1048576K
Event: 41.947 GC heap after
Heap after GC invocations=40 (full 3):
 PSYoungGen      total 336896K, used 0K [0x000000076be00000, 0x0000000794b80000, 0x00000007c0000000)
  eden space 291328K, 0% used [0x000000076be00000,0x000000076be00000,0x000000077da80000)
  from space 45568K, 0% used [0x000000078fb00000,0x000000078fb00000,0x0000000792780000)
  to   space 36864K, 0% used [0x0000000792780000,0x0000000792780000,0x0000000794b80000)
 ParOldGen       total 139264K, used 56085K [0x00000006c3a00000, 0x00000006cc200000, 0x000000076be00000)
  object space 139264K, 40% used [0x00000006c3a00000,0x00000006c70c5498,0x00000006cc200000)
 Metaspace       used 16782K, capacity 16986K, committed 17280K, reserved 1064960K
  class space    used 1836K, capacity 1904K, committed 1920K, reserved 1048576K
}

